<?xml version="1.0" encoding="UTF-8"?>
<!-- Generated by org.testng.reporters.JUnitReportReporter -->
<testsuite hostname="DESKTOP-V9TS8MH" failures="0" tests="2" name="com.ninja.qa.testcases.Login" time="14.545" errors="0" timestamp="2025-05-10T22:55:37 EDT" skipped="0">
  <testcase classname="com.ninja.qa.testcases.Login" name="verifyLoginWithValidCreds" time="9.026"/>
  <testcase classname="com.ninja.qa.testcases.Login" name="verifyLoginWithInvalidCreds" time="5.519"/>
</testsuite> <!-- com.ninja.qa.testcases.Login -->
